app/build/intermediates/manifest_merge_blame_file/debug/manifest-merger-blame-debug-report.txt
1<?xml version="1.0" encoding="utf-8"?>
2<manifest xmlns:android="http://schemas.android.com/apk/res/android"
3    package="com.raywenderlich.placebook"
4    android:versionCode="1"
5    android:versionName="1.0" >
6
7    <uses-sdk
8        android:minSdkVersion="21"
8-->src\main\AndroidManifest.xml
9        android:targetSdkVersion="29" />
9-->src\main\AndroidManifest.xml
10
11    <uses-permission android:name="android.permission.ACCESS_FINE_LOCATION" />
11-->src\main\AndroidManifest.xml:5:3-76
11-->src\main\AndroidManifest.xml:5:20-74
12    <uses-permission android:name="android.permission.READ_EXTERNAL_STORAGE" />
12-->src\main\AndroidManifest.xml:7:3-77
12-->src\main\AndroidManifest.xml:7:20-75
13    <uses-permission android:name="android.permission.ACCESS_WIFI_STATE" />
13-->[com.google.android.libraries.places:places:2.2.0] AndroidManifest.xml:10:5-76
13-->[com.google.android.libraries.places:places:2.2.0] AndroidManifest.xml:10:22-73
14    <uses-permission android:name="android.permission.INTERNET" /> <!-- Include required permissions for Google Maps API to run. -->
14-->[com.google.android.libraries.places:places:2.2.0] AndroidManifest.xml:11:5-67
14-->[com.google.android.libraries.places:places:2.2.0] AndroidManifest.xml:11:22-64
15    <uses-permission android:name="android.permission.ACCESS_NETWORK_STATE" />
15-->[com.google.android.gms:play-services-maps:17.0.0] AndroidManifest.xml:23:5-79
15-->[com.google.android.gms:play-services-maps:17.0.0] AndroidManifest.xml:23:22-76
16
17    <uses-feature
17-->[com.google.android.gms:play-services-maps:17.0.0] AndroidManifest.xml:26:5-28:35
18        android:glEsVersion="0x00020000"
18-->[com.google.android.gms:play-services-maps:17.0.0] AndroidManifest.xml:27:9-41
19        android:required="true" />
19-->[com.google.android.gms:play-services-maps:17.0.0] AndroidManifest.xml:28:9-32
20
21    <application
21-->src\main\AndroidManifest.xml:9:3-57:17
22        android:allowBackup="true"
22-->src\main\AndroidManifest.xml:10:7-33
23        android:appComponentFactory="androidx.core.app.CoreComponentFactory"
23-->[androidx.core:core:1.2.0] AndroidManifest.xml:24:18-86
24        android:debuggable="true"
25        android:icon="@mipmap/ic_launcher"
25-->src\main\AndroidManifest.xml:11:7-41
26        android:label="@string/app_name"
26-->src\main\AndroidManifest.xml:12:7-39
27        android:roundIcon="@mipmap/ic_launcher_round"
27-->src\main\AndroidManifest.xml:13:7-52
28        android:supportsRtl="true"
28-->src\main\AndroidManifest.xml:14:7-33
29        android:testOnly="true"
30        android:theme="@style/AppTheme" >
30-->src\main\AndroidManifest.xml:15:7-38
31        <meta-data
31-->src\main\AndroidManifest.xml:17:5-19:50
32            android:name="com.google.android.geo.API_KEY"
32-->src\main\AndroidManifest.xml:18:9-54
33            android:value="@string/google_maps_key" />
33-->src\main\AndroidManifest.xml:19:9-48
34
35        <activity
35-->src\main\AndroidManifest.xml:21:5-29:16
36            android:name="com.raywenderlich.placebook.ui.MapsActivity"
36-->src\main\AndroidManifest.xml:22:9-40
37            android:label="@string/title_activity_maps"
37-->src\main\AndroidManifest.xml:23:9-52
38            android:theme="@style/AppTheme.NoActionBar" >
38-->src\main\AndroidManifest.xml:24:9-52
39            <intent-filter>
39-->src\main\AndroidManifest.xml:25:7-28:23
40                <action android:name="android.intent.action.MAIN" />
40-->src\main\AndroidManifest.xml:26:9-60
40-->src\main\AndroidManifest.xml:26:17-58
41
42                <category android:name="android.intent.category.LAUNCHER" />
42-->src\main\AndroidManifest.xml:27:9-68
42-->src\main\AndroidManifest.xml:27:19-66
43            </intent-filter>
44        </activity>
45        <activity
45-->src\main\AndroidManifest.xml:34:5-39:16
46            android:name="com.raywenderlich.placebook.ui.BookmarkDetailsActivity"
46-->src\main\AndroidManifest.xml:35:9-78
47            android:label="Bookmark"
47-->src\main\AndroidManifest.xml:36:9-33
48            android:theme="@style/AppTheme.NoActionBar"
48-->src\main\AndroidManifest.xml:37:9-52
49            android:windowSoftInputMode="stateHidden" >
49-->src\main\AndroidManifest.xml:38:9-50
50        </activity>
51
52        <provider
52-->src\main\AndroidManifest.xml:45:5-55:16
53            android:name="androidx.core.content.FileProvider"
53-->src\main\AndroidManifest.xml:46:9-58
54            android:authorities="com.raywenderlich.placebook.fileprovider"
54-->src\main\AndroidManifest.xml:47:9-71
55            android:exported="false"
55-->src\main\AndroidManifest.xml:48:9-33
56            android:grantUriPermissions="true" >
56-->src\main\AndroidManifest.xml:49:9-43
57            <meta-data
57-->src\main\AndroidManifest.xml:52:7-54:47
58                android:name="android.support.FILE_PROVIDER_PATHS"
58-->src\main\AndroidManifest.xml:53:11-61
59                android:resource="@xml/file_paths" />
59-->src\main\AndroidManifest.xml:54:11-45
60        </provider>
61
62        <activity
62-->[com.google.android.libraries.places:places:2.2.0] AndroidManifest.xml:14:9-20:20
63            android:name="com.google.android.libraries.places.widget.AutocompleteActivity"
63-->[com.google.android.libraries.places:places:2.2.0] AndroidManifest.xml:15:13-91
64            android:exported="false"
64-->[com.google.android.libraries.places:places:2.2.0] AndroidManifest.xml:16:13-37
65            android:label="@string/places_autocomplete_label"
65-->[com.google.android.libraries.places:places:2.2.0] AndroidManifest.xml:17:13-62
66            android:theme="@style/PlacesAutocompleteOverlay"
66-->[com.google.android.libraries.places:places:2.2.0] AndroidManifest.xml:18:13-61
67            android:windowSoftInputMode="adjustResize" >
67-->[com.google.android.libraries.places:places:2.2.0] AndroidManifest.xml:19:13-55
68        </activity> <!-- Needs to be explicitly declared on P+ -->
69        <uses-library
69-->[com.google.android.gms:play-services-maps:17.0.0] AndroidManifest.xml:33:9-35:40
70            android:name="org.apache.http.legacy"
70-->[com.google.android.gms:play-services-maps:17.0.0] AndroidManifest.xml:34:13-50
71            android:required="false" />
71-->[com.google.android.gms:play-services-maps:17.0.0] AndroidManifest.xml:35:13-37
72
73        <service
73-->[androidx.room:room-runtime:2.2.5] AndroidManifest.xml:25:9-28:40
74            android:name="androidx.room.MultiInstanceInvalidationService"
74-->[androidx.room:room-runtime:2.2.5] AndroidManifest.xml:26:13-74
75            android:directBootAware="true"
75-->[androidx.room:room-runtime:2.2.5] AndroidManifest.xml:27:13-43
76            android:exported="false" />
76-->[androidx.room:room-runtime:2.2.5] AndroidManifest.xml:28:13-37
77
78        <activity
78-->[com.google.android.gms:play-services-base:17.0.0] AndroidManifest.xml:23:9-26:75
79            android:name="com.google.android.gms.common.api.GoogleApiActivity"
79-->[com.google.android.gms:play-services-base:17.0.0] AndroidManifest.xml:24:13-79
80            android:exported="false"
80-->[com.google.android.gms:play-services-base:17.0.0] AndroidManifest.xml:25:13-37
81            android:theme="@android:style/Theme.Translucent.NoTitleBar" />
81-->[com.google.android.gms:play-services-base:17.0.0] AndroidManifest.xml:26:13-72
82
83        <meta-data
83-->[com.google.android.gms:play-services-basement:17.0.0] AndroidManifest.xml:23:9-25:69
84            android:name="com.google.android.gms.version"
84-->[com.google.android.gms:play-services-basement:17.0.0] AndroidManifest.xml:24:13-58
85            android:value="@integer/google_play_services_version" />
85-->[com.google.android.gms:play-services-basement:17.0.0] AndroidManifest.xml:25:13-66
86
87        <service
87-->[com.google.android.datatransport:transport-backend-cct:2.1.0] AndroidManifest.xml:29:9-35:19
88            android:name="com.google.android.datatransport.runtime.backends.TransportBackendDiscovery"
88-->[com.google.android.datatransport:transport-backend-cct:2.1.0] AndroidManifest.xml:30:13-103
89            android:exported="false" >
89-->[com.google.android.datatransport:transport-backend-cct:2.1.0] AndroidManifest.xml:31:13-37
90            <meta-data
90-->[com.google.android.datatransport:transport-backend-cct:2.1.0] AndroidManifest.xml:32:13-34:39
91                android:name="backend:com.google.android.datatransport.cct.CctBackendFactory"
91-->[com.google.android.datatransport:transport-backend-cct:2.1.0] AndroidManifest.xml:33:17-94
92                android:value="cct" />
92-->[com.google.android.datatransport:transport-backend-cct:2.1.0] AndroidManifest.xml:34:17-36
93        </service>
94        <service
94-->[com.google.android.datatransport:transport-runtime:2.1.0] AndroidManifest.xml:26:9-30:19
95            android:name="com.google.android.datatransport.runtime.scheduling.jobscheduling.JobInfoSchedulerService"
95-->[com.google.android.datatransport:transport-runtime:2.1.0] AndroidManifest.xml:27:13-117
96            android:exported="false"
96-->[com.google.android.datatransport:transport-runtime:2.1.0] AndroidManifest.xml:28:13-37
97            android:permission="android.permission.BIND_JOB_SERVICE" >
97-->[com.google.android.datatransport:transport-runtime:2.1.0] AndroidManifest.xml:29:13-69
98        </service>
99
100        <receiver
100-->[com.google.android.datatransport:transport-runtime:2.1.0] AndroidManifest.xml:32:9-34:40
101            android:name="com.google.android.datatransport.runtime.scheduling.jobscheduling.AlarmManagerSchedulerBroadcastReceiver"
101-->[com.google.android.datatransport:transport-runtime:2.1.0] AndroidManifest.xml:33:13-132
102            android:exported="false" />
102-->[com.google.android.datatransport:transport-runtime:2.1.0] AndroidManifest.xml:34:13-37
103
104        <provider
104-->[androidx.lifecycle:lifecycle-process:2.1.0] AndroidManifest.xml:23:9-27:43
105            android:name="androidx.lifecycle.ProcessLifecycleOwnerInitializer"
105-->[androidx.lifecycle:lifecycle-process:2.1.0] AndroidManifest.xml:24:13-79
106            android:authorities="com.raywenderlich.placebook.lifecycle-process"
106-->[androidx.lifecycle:lifecycle-process:2.1.0] AndroidManifest.xml:25:13-69
107            android:exported="false"
107-->[androidx.lifecycle:lifecycle-process:2.1.0] AndroidManifest.xml:26:13-37
108            android:multiprocess="true" />
108-->[androidx.lifecycle:lifecycle-process:2.1.0] AndroidManifest.xml:27:13-40
109    </application>
110
111</manifest>